<?xml version="1.0" encoding="UTF-8"?>
<!-- Generated by org.testng.reporters.JUnitXMLReporter -->
<testsuite hostname="Alkesh-PC" ignored="0" name="Default test" tests="8" failures="0" timestamp="05 Aug 2018 04:05:07 GMT" time="28.713" errors="0">
  <testcase name="@BeforeClass setUp" time="20.342" classname="com.freecrm.qa.testcase.ContactsPageTest">
    <failure type="java.lang.NullPointerException">
      <![CDATA[java.lang.NullPointerException
	at org.openqa.selenium.support.events.EventFiringWebDriver.extractInterfaces(EventFiringWebDriver.java:121)
	at org.openqa.selenium.support.events.EventFiringWebDriver.access$500(EventFiringWebDriver.java:67)
	at org.openqa.selenium.support.events.EventFiringWebDriver$EventFiringWebElement.<init>(EventFiringWebDriver.java:343)
	at org.openqa.selenium.support.events.EventFiringWebDriver$EventFiringWebElement.<init>(EventFiringWebDriver.java:335)
	at org.openqa.selenium.support.events.EventFiringWebDriver.createWebElement(EventFiringWebDriver.java:308)
	at org.openqa.selenium.support.events.EventFiringWebDriver.findElement(EventFiringWebDriver.java:191)
	at org.openqa.selenium.support.pagefactory.DefaultElementLocator.findElement(DefaultElementLocator.java:69)
	at org.openqa.selenium.support.pagefactory.internal.LocatingElementHandler.invoke(LocatingElementHandler.java:38)
	at com.sun.proxy.$Proxy12.sendKeys(Unknown Source)
	at com.freecrm.qa.pages.IndexPage.loginToApp(IndexPage.java:25)
	at com.freecrm.qa.testcase.ContactsPageTest.setUp(ContactsPageTest.java:29)
	at sun.reflect.NativeMethodAccessorImpl.invoke0(Native Method)
	at sun.reflect.NativeMethodAccessorImpl.invoke(NativeMethodAccessorImpl.java:62)
	at sun.reflect.DelegatingMethodAccessorImpl.invoke(DelegatingMethodAccessorImpl.java:43)
	at java.lang.reflect.Method.invoke(Method.java:498)
	at org.testng.internal.MethodInvocationHelper.invokeMethod(MethodInvocationHelper.java:108)
	at org.testng.internal.Invoker.invokeConfigurationMethod(Invoker.java:523)
	at org.testng.internal.Invoker.invokeConfigurations(Invoker.java:224)
	at org.testng.internal.Invoker.invokeConfigurations(Invoker.java:146)
	at org.testng.internal.TestMethodWorker.invokeBeforeClassMethods(TestMethodWorker.java:166)
	at org.testng.internal.TestMethodWorker.run(TestMethodWorker.java:105)
	at org.testng.TestRunner.privateRun(TestRunner.java:744)
	at org.testng.TestRunner.run(TestRunner.java:602)
	at org.testng.SuiteRunner.runTest(SuiteRunner.java:380)
	at org.testng.SuiteRunner.runSequentially(SuiteRunner.java:375)
	at org.testng.SuiteRunner.privateRun(SuiteRunner.java:340)
	at org.testng.SuiteRunner.run(SuiteRunner.java:289)
	at org.testng.SuiteRunnerWorker.runSuite(SuiteRunnerWorker.java:52)
	at org.testng.SuiteRunnerWorker.run(SuiteRunnerWorker.java:86)
	at org.testng.TestNG.runSuitesSequentially(TestNG.java:1301)
	at org.testng.TestNG.runSuitesLocally(TestNG.java:1226)
	at org.testng.TestNG.runSuites(TestNG.java:1144)
	at org.testng.TestNG.run(TestNG.java:1115)
	at org.testng.remote.AbstractRemoteTestNG.run(AbstractRemoteTestNG.java:114)
	at org.testng.remote.RemoteTestNG.initAndRun(RemoteTestNG.java:251)
	at org.testng.remote.RemoteTestNG.main(RemoteTestNG.java:77)
]]>
    </failure>
  </testcase> <!-- @BeforeClass setUp -->
  <testcase name="@AfterClass tearDown" time="0.0" classname="com.freecrm.qa.testcase.ContactsPageTest">
    <skipped/>
  </testcase> <!-- @AfterClass tearDown -->
  <testcase name="verifyAddContacts" time="0.0" classname="com.freecrm.qa.testcase.ContactsPageTest">
    <skipped/>
  </testcase> <!-- verifyAddContacts -->
  <testcase name="verifyAddContacts" time="0.0" classname="com.freecrm.qa.testcase.ContactsPageTest">
    <skipped/>
  </testcase> <!-- verifyAddContacts -->
  <testcase name="verifyAddContacts" time="0.0" classname="com.freecrm.qa.testcase.ContactsPageTest">
    <skipped/>
  </testcase> <!-- verifyAddContacts -->
  <testcase name="verifyAddContacts" time="0.0" classname="com.freecrm.qa.testcase.ContactsPageTest">
    <skipped/>
  </testcase> <!-- verifyAddContacts -->
  <testcase name="verifyAddContacts" time="0.0" classname="com.freecrm.qa.testcase.ContactsPageTest">
    <skipped/>
  </testcase> <!-- verifyAddContacts -->
  <testcase name="verifyAddContacts" time="0.0" classname="com.freecrm.qa.testcase.ContactsPageTest">
    <skipped/>
  </testcase> <!-- verifyAddContacts -->
  <testcase name="verifyAddContacts" time="0.0" classname="com.freecrm.qa.testcase.ContactsPageTest">
    <skipped/>
  </testcase> <!-- verifyAddContacts -->
  <testcase name="verifyAddContacts" time="0.0" classname="com.freecrm.qa.testcase.ContactsPageTest">
    <skipped/>
  </testcase> <!-- verifyAddContacts -->
</testsuite> <!-- Default test -->
